<?xml version="1.0" encoding="UTF-8"?>
<!-- Generated by org.testng.reporters.JUnitXMLReporter -->
<testsuite ignored="2" hostname="DESKTOP-VBUECEK" failures="0" tests="1" name="Default test" time="34.372" errors="0" timestamp="2024-06-14T12:50:33 IST">
  <testcase classname="com.comcast.crm.orgtest.CreateOrganizationTest" name="CreateOrganization" time="11.012"/>
  <testcase classname="com.comcast.crm.orgtest.CreateOrganizationTest" name="CreateOrgPnoNum" time="0.0">
    <ignored/>
  </testcase> <!-- CreateOrgPnoNum -->
  <testcase classname="com.comcast.crm.orgtest.CreateOrganizationTest" name="CreateOrgagnizationWithIndustriesTest" time="0.0">
    <ignored/>
  </testcase> <!-- CreateOrgagnizationWithIndustriesTest -->
</testsuite> <!-- Default test -->
