<?xml version="1.0" encoding="UTF-8"?>
<testng-results ignored="2" total="3" passed="1" failed="0" skipped="0">
  <reporter-output>
  </reporter-output>
  <suite started-at="2024-06-14T12:49:59 IST" name="Default suite" finished-at="2024-06-14T12:50:33 IST" duration-ms="34372">
    <groups>
      <group name="smokeTest">
        <method signature="CreateOrganizationTest.CreateOrganization()[pri:0, instance:com.comcast.crm.orgtest.CreateOrganizationTest@4fb61f4a]" name="CreateOrganization" class="com.comcast.crm.orgtest.CreateOrganizationTest"/>
      </group> <!-- smokeTest -->
    </groups>
    <test started-at="2024-06-14T12:49:59 IST" name="Default test" finished-at="2024-06-14T12:50:33 IST" duration-ms="34372">
      <class name="com.comcast.crm.orgtest.CreateOrganizationTest">
        <test-method is-config="true" signature="configBs()[pri:0, instance:com.comcast.crm.orgtest.CreateOrganizationTest@4fb61f4a]" started-at="2024-06-14T12:49:59 IST" name="configBs" finished-at="2024-06-14T12:49:59 IST" duration-ms="271" status="PASS">
          <reporter-output>
          </reporter-output>
        </test-method> <!-- configBs -->
        <test-method is-config="true" signature="configBC()[pri:0, instance:com.comcast.crm.orgtest.CreateOrganizationTest@4fb61f4a]" started-at="2024-06-14T12:49:59 IST" name="configBC" finished-at="2024-06-14T12:50:06 IST" duration-ms="6579" status="PASS">
          <reporter-output>
          </reporter-output>
        </test-method> <!-- configBC -->
        <test-method is-config="true" signature="configBM()[pri:0, instance:com.comcast.crm.orgtest.CreateOrganizationTest@4fb61f4a]" started-at="2024-06-14T12:50:06 IST" name="configBM" finished-at="2024-06-14T12:50:21 IST" duration-ms="15170" status="PASS">
          <reporter-output>
          </reporter-output>
        </test-method> <!-- configBM -->
        <test-method signature="CreateOrganization()[pri:0, instance:com.comcast.crm.orgtest.CreateOrganizationTest@4fb61f4a]" started-at="2024-06-14T12:50:21 IST" name="CreateOrganization" finished-at="2024-06-14T12:50:32 IST" duration-ms="11012" status="PASS">
          <reporter-output>
          </reporter-output>
        </test-method> <!-- CreateOrganization -->
        <test-method is-config="true" signature="configAM()[pri:0, instance:com.comcast.crm.orgtest.CreateOrganizationTest@4fb61f4a]" started-at="2024-06-14T12:50:32 IST" name="configAM" finished-at="2024-06-14T12:50:33 IST" duration-ms="1287" status="PASS">
          <reporter-output>
          </reporter-output>
        </test-method> <!-- configAM -->
        <test-method is-config="true" signature="configAC()[pri:0, instance:com.comcast.crm.orgtest.CreateOrganizationTest@4fb61f4a]" started-at="2024-06-14T12:50:33 IST" name="configAC" finished-at="2024-06-14T12:50:33 IST" duration-ms="281" status="PASS">
          <reporter-output>
          </reporter-output>
        </test-method> <!-- configAC -->
        <test-method is-config="true" signature="configAS()[pri:0, instance:com.comcast.crm.orgtest.CreateOrganizationTest@4fb61f4a]" started-at="2024-06-14T12:50:33 IST" name="configAS" finished-at="2024-06-14T12:50:33 IST" duration-ms="9" status="PASS">
          <reporter-output>
          </reporter-output>
        </test-method> <!-- configAS -->
      </class> <!-- com.comcast.crm.orgtest.CreateOrganizationTest -->
    </test> <!-- Default test -->
  </suite> <!-- Default suite -->
</testng-results>
