<?xml version="1.0" encoding="UTF-8"?>
<!-- Generated by org.testng.reporters.JUnitXMLReporter -->
<testsuite ignored="2" hostname="DESKTOP-VBUECEK" failures="0" tests="4" name="TestRnner-chrome" time="191.37" errors="0" timestamp="2024-06-06T10:49:20 IST">
  <testcase classname="com.comcast.crm.contactTest.CreateContactTest" name="createcontactTest" time="30.61"/>
  <testcase classname="com.comcast.crm.orgtest.CreateOrganizationTest" name="CreateOrgPnoNum" time="20.012"/>
  <testcase classname="com.comcast.crm.orgtest.CreateOrganizationTest" name="CreateOrgagnizationWithIndustriesTest" time="26.916"/>
  <testcase classname="com.comcast.crm.orgtest.CreateOrganizationTest" name="CreateOrganization" time="26.287"/>
  <testcase classname="com.crm.comcast.basetest.BaseClass" name="@AfterSuite configAS" time="0.0">
    <ignored/>
  </testcase> <!-- @AfterSuite configAS -->
  <testcase classname="com.crm.comcast.basetest.BaseClass" name="@BeforeSuite configBs" time="0.0">
    <ignored/>
  </testcase> <!-- @BeforeSuite configBs -->
</testsuite> <!-- TestRnner-chrome -->
