<?xml version="1.0" encoding="UTF-8"?>
<!-- Generated by org.testng.reporters.JUnitXMLReporter -->
<testsuite ignored="2" hostname="DESKTOP-VBUECEK" failures="0" tests="4" name="TestRnner-Firefox" time="221.189" errors="0" timestamp="2024-06-06T10:49:49 IST">
  <testcase classname="com.comcast.crm.contactTest.CreateContactTest" name="createcontactTest" time="30.993"/>
  <testcase classname="com.comcast.crm.orgtest.CreateOrganizationTest" name="CreateOrgPnoNum" time="28.246"/>
  <testcase classname="com.comcast.crm.orgtest.CreateOrganizationTest" name="CreateOrgagnizationWithIndustriesTest" time="27.503"/>
  <testcase classname="com.comcast.crm.orgtest.CreateOrganizationTest" name="CreateOrganization" time="17.324"/>
  <testcase classname="com.crm.comcast.basetest.BaseClass" name="@AfterSuite configAS" time="0.0">
    <ignored/>
  </testcase> <!-- @AfterSuite configAS -->
  <testcase classname="com.crm.comcast.basetest.BaseClass" name="@BeforeSuite configBs" time="0.0">
    <ignored/>
  </testcase> <!-- @BeforeSuite configBs -->
</testsuite> <!-- TestRnner-Firefox -->
